<?xml version="1.0" encoding="UTF-8" ?>
<testsuite tests="29" failures="0" name="com.nandini.hw3.AppTest" time="0.106" errors="0" skipped="0">
  <properties>
[...]
</properties>
  <testcase classname="com.nandini.hw3.AppTest" name="testHephaestusMustBuildOnSamePosition" time="0.052"/>
  <testcase classname="com.nandini.hw3.AppTest" name="testMinotaurForceDown" time="0"/>
  <testcase classname="com.nandini.hw3.AppTest" name="testAWinner" time="0.011"/>
  <testcase classname="com.nandini.hw3.AppTest" name="testHephaestusAdditionalBuild" time="0"/>
  <testcase classname="com.nandini.hw3.AppTest" name="testDemeterBuildPass" time="0"/>
  <testcase classname="com.nandini.hw3.AppTest" name="testBWinner" time="0.008"/>
  <testcase classname="com.nandini.hw3.AppTest" name="testInvalidMoveDirection" time="0"/>
  <testcase classname="com.nandini.hw3.AppTest" name="testInvalidBuildPosOutOfBounds" time="0"/>
  <testcase classname="com.nandini.hw3.AppTest" name="testHephaestusCantBuildOnDome" time="0"/>
  <testcase classname="com.nandini.hw3.AppTest" name="testMinotaurForceDownLeft" time="0.001"/>
  <testcase classname="com.nandini.hw3.AppTest" name="testAWinnerTwo" time="0.006"/>
  <testcase classname="com.nandini.hw3.AppTest" name="testIfInvalidMoveDome" time="0.005"/>
  <testcase classname="com.nandini.hw3.AppTest" name="testInvalidBuildOnWorker" time="0"/>
  <testcase classname="com.nandini.hw3.AppTest" name="testInvalidBuildOnDome" time="0"/>
  <testcase classname="com.nandini.hw3.AppTest" name="testHephaestusPass" time="0.003"/>
  <testcase classname="com.nandini.hw3.AppTest" name="testInvalidMoveOccupied" time="0"/>
  <testcase classname="com.nandini.hw3.AppTest" name="getSquareInvalidParam" time="0"/>
  <testcase classname="com.nandini.hw3.AppTest" name="testPanWinCheck" time="0"/>
  <testcase classname="com.nandini.hw3.AppTest" name="testApolloForceMove" time="0.005"/>
  <testcase classname="com.nandini.hw3.AppTest" name="testIfInvalidMovePosition" time="0"/>
  <testcase classname="com.nandini.hw3.AppTest" name="testDemeterBuild" time="0"/>
  <testcase classname="com.nandini.hw3.AppTest" name="testMinotaurForceDownRight" time="0"/>
  <testcase classname="com.nandini.hw3.AppTest" name="testApolloForceMoveTwo" time="0"/>
  <testcase classname="com.nandini.hw3.AppTest" name="testDemeterOpponentBuild" time="0.002"/>
  <testcase classname="com.nandini.hw3.AppTest" name="testMinotaurUnableForceDownBottom" time="0.003"/>
  <testcase classname="com.nandini.hw3.AppTest" name="testNoWinner" time="0.003"/>
  <testcase classname="com.nandini.hw3.AppTest" name="testInvalidDirectionParameter" time="0"/>
  <testcase classname="com.nandini.hw3.AppTest" name="testPanWin" time="0.006"/>
  <testcase classname="com.nandini.hw3.AppTest" name="testInvalidMoveLevels" time="0.001"/>
</testsuite>