<?xml version="1.0" encoding="UTF-8" standalone="yes"?><!DOCTYPE report PUBLIC "-//JACOCO//DTD Report 1.1//EN" "report.dtd"><report name="Santorini"><sessioninfo id="nandinis-mbp-3.wifi.local.cmu.edu-166beab0" start="1647487420415" dump="1647487420908"/><sessioninfo id="nandinis-mbp-3.wifi.local.cmu.edu-8808b120" start="1647560901155" dump="1647560901598"/><sessioninfo id="nandinis-mbp-3.wifi.local.cmu.edu-aef3b76d" start="1647560933427" dump="1647560933849"/><sessioninfo id="nandinis-mbp-3.wifi.local.cmu.edu-bee27261" start="1647560960367" dump="1647560960738"/><sessioninfo id="nandinis-mbp-3.wifi.local.cmu.edu-cf04d65b" start="1647561132211" dump="1647561132595"/><sessioninfo id="nandinis-mbp-3.wifi.local.cmu.edu-ced443a7" start="1647561201682" dump="1647561202009"/><sessioninfo id="nandinis-mbp-3.wifi.local.cmu.edu-b4233775" start="1647563744418" dump="1647563744906"/><sessioninfo id="nandinis-mbp-3.wifi.local.cmu.edu-d7b494cd" start="1647563875777" dump="1647563876195"/><sessioninfo id="nandinis-mbp-3.wifi.local.cmu.edu-29476ece" start="1647716870469" dump="1647716870943"/><sessioninfo id="nandinis-mbp-3.wifi.local.cmu.edu-b1f5d96e" start="1647716888421" dump="1647716888819"/><sessioninfo id="nandinis-mbp-3.wifi.local.cmu.edu-9cb097bf" start="1647717064125" dump="1647717064827"/><sessioninfo id="nandinis-mbp-3.wifi.local.cmu.edu-6294d8ff" start="1647717121216" dump="1647717121586"/><sessioninfo id="nandinis-mbp-3.wifi.local.cmu.edu-3907bab0" start="1647717392489" dump="1647717392977"/><sessioninfo id="nandinis-mbp-3.wifi.local.cmu.edu-34b1f58a" start="1647717630516" dump="1647717630920"/><sessioninfo id="nandinis-mbp-3.wifi.local.cmu.edu-b2810224" start="1647719539626" dump="1647719540146"/><sessioninfo id="nandinis-mbp-3.wifi.local.cmu.edu-4c4af9dd" start="1647732247670" dump="1647732248123"/><sessioninfo id="nandinis-mbp-3.wifi.local.cmu.edu-5cfb7104" start="1647733448418" dump="1647733448815"/><sessioninfo id="nandinis-mbp-3.wifi.local.cmu.edu-afba654a" start="1647748799697" dump="1647748800249"/><sessioninfo id="nandinis-mbp-3.wifi.local.cmu.edu-3b7cd8a8" start="1647786274264" dump="1647786274679"/><sessioninfo id="nandinis-mbp-3.wifi.local.cmu.edu-f69613d4" start="1647786881682" dump="1647786882061"/><sessioninfo id="nandinis-mbp-3.wifi.local.cmu.edu-ef83d4ca" start="1647787340486" dump="1647787340862"/><sessioninfo id="nandinis-mbp-3.wifi.local.cmu.edu-a8b1fd25" start="1647791825032" dump="1647791825473"/><sessioninfo id="nandinis-mbp-3.wifi.local.cmu.edu-455a59de" start="1647792793060" dump="1647792793518"/><sessioninfo id="nandinis-mbp-3.wifi.local.cmu.edu-ef14699d" start="1647794618371" dump="1647794618790"/><sessioninfo id="nandinis-mbp-3.wifi.local.cmu.edu-9ac88743" start="1647795272980" dump="1647795273435"/><sessioninfo id="nandinis-mbp-3.wifi.local.cmu.edu-74eaaaf7" start="1647800284696" dump="1647800285167"/><sessioninfo id="nandinis-mbp-3.wifi.local.cmu.edu-fd81c2db" start="1647801017255" dump="1647801017812"/><sessioninfo id="nandinis-mbp-3.wifi.local.cmu.edu-7508cd1f" start="1647801458662" dump="1647801459171"/><sessioninfo id="nandinis-mbp-3.wifi.local.cmu.edu-eb344def" start="1647803113552" dump="1647803113982"/><sessioninfo id="nandinis-mbp-3.wifi.local.cmu.edu-144b050d" start="1647836657503" dump="1647836657992"/><sessioninfo id="nandinis-mbp-3.wifi.local.cmu.edu-cf84874b" start="1647836665249" dump="1647836665600"/><sessioninfo id="nandinis-mbp-3.wifi.local.cmu.edu-bbec05b" start="1647836672846" dump="1647836673218"/><sessioninfo id="nandinis-mbp-3.wifi.local.cmu.edu-c298d43d" start="1647836803794" dump="1647836804216"/><sessioninfo id="nandinis-mbp-3.wifi.local.cmu.edu-1e06c751" start="1647884201835" dump="1647884202329"/><sessioninfo id="nandinis-mbp-3.wifi.local.cmu.edu-122941a7" start="1647885042374" dump="1647885042832"/><sessioninfo id="nandinis-mbp-3.wifi.local.cmu.edu-260d3ac2" start="1647885353196" dump="1647885353643"/><sessioninfo id="nandinis-mbp-3.wifi.local.cmu.edu-cab58270" start="1647885531236" dump="1647885531649"/><sessioninfo id="nandinis-mbp-3.wifi.local.cmu.edu-8ea4fd3e" start="1647885628873" dump="1647885629277"/><sessioninfo id="nandinis-mbp-3.wifi.local.cmu.edu-db6e3b59" start="1647893583879" dump="1647893584364"/><sessioninfo id="nandinis-mbp-3.wifi.local.cmu.edu-f82d305a" start="1647895230680" dump="1647895231114"/><sessioninfo id="nandinis-mbp-3.wifi.local.cmu.edu-ee3403bf" start="1647895339086" dump="1647895339445"/><sessioninfo id="nandinis-mbp-3.wifi.local.cmu.edu-867a89ba" start="1647895991093" dump="1647895991472"/><sessioninfo id="nandinis-mbp-3.wifi.local.cmu.edu-c4f57c65" start="1647896299269" dump="1647896299636"/><sessioninfo id="nandinis-mbp-3.wifi.local.cmu.edu-d50ab1c9" start="1647896808523" dump="1647896808948"/><sessioninfo id="nandinis-mbp-3.wifi.local.cmu.edu-6ee7387f" start="1647896984880" dump="1647896985347"/><sessioninfo id="nandinis-mbp-3.wifi.local.cmu.edu-c5ed4f8d" start="1647897023925" dump="1647897024282"/><sessioninfo id="nandinis-mbp-3.wifi.local.cmu.edu-fcc54eb1" start="1647897085881" dump="1647897086232"/><sessioninfo id="nandinis-mbp-3.wifi.local.cmu.edu-6c4eb3cc" start="1647897646806" dump="1647897647224"/><sessioninfo id="nandinis-mbp-3.wifi.local.cmu.edu-538718c6" start="1647898032485" dump="1647898032925"/><sessioninfo id="nandinis-mbp-3.wifi.local.cmu.edu-c30b539e" start="1647907662892" dump="1647907663378"/><sessioninfo id="nandinis-mbp-3.wifi.local.cmu.edu-21ae9be3" start="1647908061437" dump="1647908061967"/><sessioninfo id="nandinis-mbp-3.wifi.local.cmu.edu-4bbc454b" start="1647908144608" dump="1647908144963"/><sessioninfo id="nandinis-mbp-3.wifi.local.cmu.edu-4d0612eb" start="1647908411807" dump="1647908412152"/><sessioninfo id="nandinis-mbp-3.wifi.local.cmu.edu-da1f0719" start="1647973992449" dump="1647973992878"/><sessioninfo id="nandinis-mbp-3.wifi.local.cmu.edu-75beb77b" start="1647986242554" dump="1647986243152"/><sessioninfo id="nandinis-mbp-3.wifi.local.cmu.edu-b6e55d5b" start="1647986860439" dump="1647986860896"/><sessioninfo id="nandinis-mbp-3.wifi.local.cmu.edu-3e278feb" start="1647987065092" dump="1647987065477"/><sessioninfo id="nandinis-mbp-3.wifi.local.cmu.edu-7478376" start="1647987152963" dump="1647987153350"/><sessioninfo id="nandinis-mbp-3.wifi.local.cmu.edu-4ac83f89" start="1647987279970" dump="1647987280344"/><sessioninfo id="nandinis-mbp-3.wifi.local.cmu.edu-5a23a8cf" start="1647987858487" dump="1647987858899"/><sessioninfo id="nandinis-mbp-3.wifi.local.cmu.edu-7d10fd9f" start="1647991578276" dump="1647991578785"/><sessioninfo id="nandinis-mbp-3.wifi.local.cmu.edu-5a0f3257" start="1647994911387" dump="1647994911845"/><sessioninfo id="nandinis-mbp-3.wifi.local.cmu.edu-f5017a2" start="1648055147540" dump="1648055148005"/><sessioninfo id="nandinis-mbp-3.wifi.local.cmu.edu-b5ec64a3" start="1648055702074" dump="1648055702573"/><sessioninfo id="nandinis-mbp-3.wifi.local.cmu.edu-4b8c78bf" start="1648058397416" dump="1648058397897"/><sessioninfo id="nandinis-mbp-3.wifi.local.cmu.edu-e0d8fde5" start="1648058665325" dump="1648058665713"/><sessioninfo id="nandinis-mbp-3.wifi.local.cmu.edu-ffe54627" start="1648059075687" dump="1648059076066"/><sessioninfo id="nandinis-mbp-3.wifi.local.cmu.edu-f28cfc38" start="1648059559635" dump="1648059560097"/><sessioninfo id="nandinis-mbp-3.wifi.local.cmu.edu-368689b1" start="1648059731747" dump="1648059732156"/><sessioninfo id="nandinis-mbp-3.wifi.local.cmu.edu-867d4422" start="1648059905391" dump="1648059905793"/><sessioninfo id="nandinis-mbp-3.wifi.local.cmu.edu-ea685e57" start="1648060081869" dump="1648060082237"/><sessioninfo id="nandinis-mbp-3.wifi.local.cmu.edu-e9a1346" start="1648060237622" dump="1648060238009"/><sessioninfo id="nandinis-mbp-3.wifi.local.cmu.edu-36726b0d" start="1648060305234" dump="1648060305614"/><sessioninfo id="nandinis-mbp-3.wifi.local.cmu.edu-c9845de3" start="1648060586600" dump="1648060586982"/><sessioninfo id="nandinis-mbp-3.wifi.local.cmu.edu-c1b30de0" start="1648175100545" dump="1648175101117"/><sessioninfo id="nandinis-mbp-3.wifi.local.cmu.edu-ddbceacb" start="1648324217801" dump="1648324218295"/><sessioninfo id="nandinis-mbp-3.wifi.local.cmu.edu-2cb62242" start="1648354525124" dump="1648354525622"/><sessioninfo id="nandinis-mbp-3.wifi.local.cmu.edu-6a288553" start="1648354743935" dump="1648354744434"/><sessioninfo id="nandinis-mbp-3.wifi.local.cmu.edu-63a8b7a2" start="1648397244665" dump="1648397245160"/><sessioninfo id="nandinis-mbp-3.wifi.local.cmu.edu-999b23e3" start="1648397429567" dump="1648397430215"/></report>